<?xml version="1.0" encoding="UTF-8"?>
<testng-results ignored="0" total="1" passed="1" failed="0" skipped="0">
  <reporter-output>
    <line>
      <![CDATA[click on login link]]>
    </line>
    <line>
      <![CDATA[enter valid credintials]]>
    </line>
    <line>
      <![CDATA[click on login button]]>
    </line>
    <line>
      <![CDATA[Verify home page displayed or not]]>
    </line>
    <line>
      <![CDATA[Home page is displayed]]>
    </line>
    <line>
      <![CDATA[Login success]]>
    </line>
  </reporter-output>
  <suite started-at="2024-10-28T13:34:16 IST" name="Default suite" finished-at="2024-10-28T13:34:25 IST" duration-ms="9096">
    <groups>
    </groups>
    <test started-at="2024-10-28T13:34:16 IST" name="Default test" finished-at="2024-10-28T13:34:25 IST" duration-ms="9096">
      <class name="listeners.ListenerTestscript">
        <test-method is-config="true" signature="launchBrowser()[pri:0, instance:listeners.ListenerTestscript@52e6fdee]" started-at="2024-10-28T13:34:16 IST" name="launchBrowser" finished-at="2024-10-28T13:34:23 IST" duration-ms="6438" status="PASS">
          <reporter-output>
          </reporter-output>
        </test-method> <!-- launchBrowser -->
        <test-method signature="login()[pri:0, instance:listeners.ListenerTestscript@52e6fdee]" started-at="2024-10-28T13:34:23 IST" name="login" finished-at="2024-10-28T13:34:25 IST" duration-ms="2380" status="PASS">
          <reporter-output>
            <line>
              <![CDATA[click on login link]]>
            </line>
            <line>
              <![CDATA[enter valid credintials]]>
            </line>
            <line>
              <![CDATA[click on login button]]>
            </line>
            <line>
              <![CDATA[Verify home page displayed or not]]>
            </line>
            <line>
              <![CDATA[Home page is displayed]]>
            </line>
            <line>
              <![CDATA[Login success]]>
            </line>
          </reporter-output>
        </test-method> <!-- login -->
        <test-method is-config="true" signature="closeBrowser()[pri:0, instance:listeners.ListenerTestscript@52e6fdee]" started-at="2024-10-28T13:34:25 IST" name="closeBrowser" finished-at="2024-10-28T13:34:25 IST" duration-ms="204" status="PASS">
          <reporter-output>
          </reporter-output>
        </test-method> <!-- closeBrowser -->
      </class> <!-- listeners.ListenerTestscript -->
    </test> <!-- Default test -->
  </suite> <!-- Default suite -->
</testng-results>
